Added Component: Designator=TP1(TESTFIXTURE_16MM)
Add component (AddParameter): Name = "Component Type"; Value = "TP - SMD"; VariantName = "[No Variations]"
Add component (AddParameter): Name = "Current"; Value = "N/A"; VariantName = "[No Variations]"
Add component (AddParameter): Name = "Distributor 1"; Value = "GlassBoard"; VariantName = "[No Variations]"
Add component (AddParameter): Name = "Distributor 1 Part Number"; Value = "N/A"; VariantName = "[No Variations]"
Add component (AddParameter): Name = "DNP"; Value = ""; VariantName = "[No Variations]"
Add component (AddParameter): Name = "Manufacturer"; Value = "GlassBoard"; VariantName = "[No Variations]"
Add component (AddParameter): Name = "Manufacturer Part Number"; Value = "TESTFIXTURE_16MM"; VariantName = "[No Variations]"
Add component (AddParameter): Name = "Package"; Value = "TP16MMSMD"; VariantName = "[No Variations]"
Add component (AddParameter): Name = "Package Type"; Value = "SMD"; VariantName = "[No Variations]"
Add component (AddParameter): Name = "Part Number"; Value = "TESTFIXTURE_16MM"; VariantName = "[No Variations]"
Add component (AddParameter): Name = "Pin Count"; Value = "1"; VariantName = "[No Variations]"
Add component (AddParameter): Name = "Published"; Value = "12/8/2020"; VariantName = "[No Variations]"
Add component (AddParameter): Name = "Publisher"; Value = "Ethan Harmon"; VariantName = "[No Variations]"
Add component (AddParameter): Name = "Status"; Value = "Actiive"; VariantName = "[No Variations]"
Add component (AddParameter): Name = "Value"; Value = "TESTFIXTURE_16MM"; VariantName = "[No Variations]"
Add component (AddParameter): Name = "Voltage"; Value = "N/A"; VariantName = "[No Variations]"
Added Component: Designator=TP2(TESTFIXTURE_16MM)
Add component (AddParameter): Name = "Component Type"; Value = "TP - SMD"; VariantName = "[No Variations]"
Add component (AddParameter): Name = "Current"; Value = "N/A"; VariantName = "[No Variations]"
Add component (AddParameter): Name = "Distributor 1"; Value = "GlassBoard"; VariantName = "[No Variations]"
Add component (AddParameter): Name = "Distributor 1 Part Number"; Value = "N/A"; VariantName = "[No Variations]"
Add component (AddParameter): Name = "DNP"; Value = ""; VariantName = "[No Variations]"
Add component (AddParameter): Name = "Manufacturer"; Value = "GlassBoard"; VariantName = "[No Variations]"
Add component (AddParameter): Name = "Manufacturer Part Number"; Value = "TESTFIXTURE_16MM"; VariantName = "[No Variations]"
Add component (AddParameter): Name = "Package"; Value = "TP16MMSMD"; VariantName = "[No Variations]"
Add component (AddParameter): Name = "Package Type"; Value = "SMD"; VariantName = "[No Variations]"
Add component (AddParameter): Name = "Part Number"; Value = "TESTFIXTURE_16MM"; VariantName = "[No Variations]"
Add component (AddParameter): Name = "Pin Count"; Value = "1"; VariantName = "[No Variations]"
Add component (AddParameter): Name = "Published"; Value = "12/8/2020"; VariantName = "[No Variations]"
Add component (AddParameter): Name = "Publisher"; Value = "Ethan Harmon"; VariantName = "[No Variations]"
Add component (AddParameter): Name = "Status"; Value = "Actiive"; VariantName = "[No Variations]"
Add component (AddParameter): Name = "Value"; Value = "TESTFIXTURE_16MM"; VariantName = "[No Variations]"
Add component (AddParameter): Name = "Voltage"; Value = "N/A"; VariantName = "[No Variations]"
Added Component: Designator=TP3(TESTFIXTURE_16MM)
Add component (AddParameter): Name = "Component Type"; Value = "TP - SMD"; VariantName = "[No Variations]"
Add component (AddParameter): Name = "Current"; Value = "N/A"; VariantName = "[No Variations]"
Add component (AddParameter): Name = "Distributor 1"; Value = "GlassBoard"; VariantName = "[No Variations]"
Add component (AddParameter): Name = "Distributor 1 Part Number"; Value = "N/A"; VariantName = "[No Variations]"
Add component (AddParameter): Name = "DNP"; Value = ""; VariantName = "[No Variations]"
Add component (AddParameter): Name = "Manufacturer"; Value = "GlassBoard"; VariantName = "[No Variations]"
Add component (AddParameter): Name = "Manufacturer Part Number"; Value = "TESTFIXTURE_16MM"; VariantName = "[No Variations]"
Add component (AddParameter): Name = "Package"; Value = "TP16MMSMD"; VariantName = "[No Variations]"
Add component (AddParameter): Name = "Package Type"; Value = "SMD"; VariantName = "[No Variations]"
Add component (AddParameter): Name = "Part Number"; Value = "TESTFIXTURE_16MM"; VariantName = "[No Variations]"
Add component (AddParameter): Name = "Pin Count"; Value = "1"; VariantName = "[No Variations]"
Add component (AddParameter): Name = "Published"; Value = "12/8/2020"; VariantName = "[No Variations]"
Add component (AddParameter): Name = "Publisher"; Value = "Ethan Harmon"; VariantName = "[No Variations]"
Add component (AddParameter): Name = "Status"; Value = "Actiive"; VariantName = "[No Variations]"
Add component (AddParameter): Name = "Value"; Value = "TESTFIXTURE_16MM"; VariantName = "[No Variations]"
Add component (AddParameter): Name = "Voltage"; Value = "N/A"; VariantName = "[No Variations]"
Added Component: Designator=TP4(TESTFIXTURE_16MM)
Add component (AddParameter): Name = "Component Type"; Value = "TP - SMD"; VariantName = "[No Variations]"
Add component (AddParameter): Name = "Current"; Value = "N/A"; VariantName = "[No Variations]"
Add component (AddParameter): Name = "Distributor 1"; Value = "GlassBoard"; VariantName = "[No Variations]"
Add component (AddParameter): Name = "Distributor 1 Part Number"; Value = "N/A"; VariantName = "[No Variations]"
Add component (AddParameter): Name = "DNP"; Value = ""; VariantName = "[No Variations]"
Add component (AddParameter): Name = "Manufacturer"; Value = "GlassBoard"; VariantName = "[No Variations]"
Add component (AddParameter): Name = "Manufacturer Part Number"; Value = "TESTFIXTURE_16MM"; VariantName = "[No Variations]"
Add component (AddParameter): Name = "Package"; Value = "TP16MMSMD"; VariantName = "[No Variations]"
Add component (AddParameter): Name = "Package Type"; Value = "SMD"; VariantName = "[No Variations]"
Add component (AddParameter): Name = "Part Number"; Value = "TESTFIXTURE_16MM"; VariantName = "[No Variations]"
Add component (AddParameter): Name = "Pin Count"; Value = "1"; VariantName = "[No Variations]"
Add component (AddParameter): Name = "Published"; Value = "12/8/2020"; VariantName = "[No Variations]"
Add component (AddParameter): Name = "Publisher"; Value = "Ethan Harmon"; VariantName = "[No Variations]"
Add component (AddParameter): Name = "Status"; Value = "Actiive"; VariantName = "[No Variations]"
Add component (AddParameter): Name = "Value"; Value = "TESTFIXTURE_16MM"; VariantName = "[No Variations]"
Add component (AddParameter): Name = "Voltage"; Value = "N/A"; VariantName = "[No Variations]"
Added Component: Designator=TP5(TESTFIXTURE_16MM)
Add component (AddParameter): Name = "Component Type"; Value = "TP - SMD"; VariantName = "[No Variations]"
Add component (AddParameter): Name = "Current"; Value = "N/A"; VariantName = "[No Variations]"
Add component (AddParameter): Name = "Distributor 1"; Value = "GlassBoard"; VariantName = "[No Variations]"
Add component (AddParameter): Name = "Distributor 1 Part Number"; Value = "N/A"; VariantName = "[No Variations]"
Add component (AddParameter): Name = "DNP"; Value = ""; VariantName = "[No Variations]"
Add component (AddParameter): Name = "Manufacturer"; Value = "GlassBoard"; VariantName = "[No Variations]"
Add component (AddParameter): Name = "Manufacturer Part Number"; Value = "TESTFIXTURE_16MM"; VariantName = "[No Variations]"
Add component (AddParameter): Name = "Package"; Value = "TP16MMSMD"; VariantName = "[No Variations]"
Add component (AddParameter): Name = "Package Type"; Value = "SMD"; VariantName = "[No Variations]"
Add component (AddParameter): Name = "Part Number"; Value = "TESTFIXTURE_16MM"; VariantName = "[No Variations]"
Add component (AddParameter): Name = "Pin Count"; Value = "1"; VariantName = "[No Variations]"
Add component (AddParameter): Name = "Published"; Value = "12/8/2020"; VariantName = "[No Variations]"
Add component (AddParameter): Name = "Publisher"; Value = "Ethan Harmon"; VariantName = "[No Variations]"
Add component (AddParameter): Name = "Status"; Value = "Actiive"; VariantName = "[No Variations]"
Add component (AddParameter): Name = "Value"; Value = "TESTFIXTURE_16MM"; VariantName = "[No Variations]"
Add component (AddParameter): Name = "Voltage"; Value = "N/A"; VariantName = "[No Variations]"
Added Pin To Net: NetName=+3V3 Pin=TP1-1
Added Pin To Net: NetName=IF_SWDIO Pin=TP2-1
Added Pin To Net: NetName=IF_SWCLK Pin=TP3-1
Added Pin To Net: NetName=IF_R\E\S\E\T\ Pin=TP4-1
Added Pin To Net: NetName=GND Pin=TP5-1
