Removed Pin From Net: NetName=GND Pin=CN3-1
Removed Pin From Net: NetName=GND Pin=CN3-2
Removed Pin From Net: NetName=5V_USB Pin=CN3-3
Removed Pin From Net: NetName=5V_USB Pin=CN3-4
Removed Pin From Net: NetName=NetCN3_7 Pin=CN3-7
Removed Pin From Net: NetName=NetCN3_8 Pin=CN3-8
Removed Pin From Net: NetName=NetCN3_8 Pin=CN3-9
Removed Pin From Net: NetName=NetCN3_7 Pin=CN3-10
Removed Pin From Net: NetName=5V_USB Pin=CN3-13
Removed Pin From Net: NetName=5V_USB Pin=CN3-14
Removed Pin From Net: NetName=GND Pin=CN3-15
Removed Pin From Net: NetName=GND Pin=CN3-16
Removed Pin From Net: NetName=GND Pin=CN3-17
Removed Pin From Net: NetName=GND Pin=CN3-18
Removed Pin From Net: NetName=GND Pin=CN3-19
Removed Pin From Net: NetName=GND Pin=CN3-20
Removed Pin From Net: NetName=GND Pin=D4-2
Change Component Footprint: Designator=CN3 Old Footprint=USB4085-GF-A New Footprint=1051640001
Change Component Comment : Designator=C9 Old Comment=22pF New Comment=18pF
Change Component Comment : Designator=C10 Old Comment=22pF New Comment=18pF
Change Component Comment : Designator=CN3 Old Comment=USB4085-GF-A New Comment=1051640001
Change component parameters: Designator = "C9" ("C9"); Footprint = "CAPC0402(1005)70_L"; UniqueID = "\MFLHJOVT" ("\MFLHJOVT")
Change component parameters (AddParameter): Name = "Component Type"; Value = "CAP - CHIP"; VariantName = "[No Variations]"
Change component parameters (AddParameter): Name = "Distributor 1"; Value = "Digi-Key"; VariantName = "[No Variations]"
Change component parameters (AddParameter): Name = "Distributor 1 Part Number"; Value = "311-1415-1-ND"; VariantName = "[No Variations]"
Change component parameters (AddParameter): Name = "DNP"; Value = ""; VariantName = "[No Variations]"
Change component parameters (AddParameter): Name = "ESD"; Value = "NO"; VariantName = "[No Variations]"
Change component parameters (AddParameter): Name = "Manufacturer"; Value = "Yageo"; VariantName = "[No Variations]"
Change component parameters (AddParameter): Name = "Manufacturer Part Number"; Value = "CC0402JRNPO9BN180"; VariantName = "[No Variations]"
Change component parameters (AddParameter): Name = "Moisture Sensitivity"; Value = "NO"; VariantName = "[No Variations]"
Change component parameters (AddParameter): Name = "Package"; Value = "CAP0402"; VariantName = "[No Variations]"
Change component parameters (AddParameter): Name = "Package Type"; Value = "SMD"; VariantName = "[No Variations]"
Change component parameters (AddParameter): Name = "Part Number"; Value = "CC0402JRNPO9BN180"; VariantName = "[No Variations]"
Change component parameters (AddParameter): Name = "Pin Count"; Value = "2"; VariantName = "[No Variations]"
Change component parameters (AddParameter): Name = "Published"; Value = "9/8/2017"; VariantName = "[No Variations]"
Change component parameters (AddParameter): Name = "Publisher"; Value = "Randy Parmerlee"; VariantName = "[No Variations]"
Change component parameters (AddParameter): Name = "Status"; Value = "Active"; VariantName = "[No Variations]"
Change component parameters (AddParameter): Name = "Tolerance"; Value = "0.05"; VariantName = "[No Variations]"
Change component parameters (AddParameter): Name = "Value"; Value = "18pF"; VariantName = "[No Variations]"
Change component parameters (AddParameter): Name = "Voltage"; Value = "50V"; VariantName = "[No Variations]"
Change component parameters (AddParameter): Name = "Wattage"; Value = "N/A"; VariantName = "[No Variations]"
Change component parameters: Designator = "C10" ("C10"); Footprint = "CAPC0402(1005)70_L"; UniqueID = "\LUJBMWXY" ("\LUJBMWXY")
Change component parameters (AddParameter): Name = "Component Type"; Value = "CAP - CHIP"; VariantName = "[No Variations]"
Change component parameters (AddParameter): Name = "Distributor 1"; Value = "Digi-Key"; VariantName = "[No Variations]"
Change component parameters (AddParameter): Name = "Distributor 1 Part Number"; Value = "311-1415-1-ND"; VariantName = "[No Variations]"
Change component parameters (AddParameter): Name = "DNP"; Value = ""; VariantName = "[No Variations]"
Change component parameters (AddParameter): Name = "ESD"; Value = "NO"; VariantName = "[No Variations]"
Change component parameters (AddParameter): Name = "Manufacturer"; Value = "Yageo"; VariantName = "[No Variations]"
Change component parameters (AddParameter): Name = "Manufacturer Part Number"; Value = "CC0402JRNPO9BN180"; VariantName = "[No Variations]"
Change component parameters (AddParameter): Name = "Moisture Sensitivity"; Value = "NO"; VariantName = "[No Variations]"
Change component parameters (AddParameter): Name = "Package"; Value = "CAP0402"; VariantName = "[No Variations]"
Change component parameters (AddParameter): Name = "Package Type"; Value = "SMD"; VariantName = "[No Variations]"
Change component parameters (AddParameter): Name = "Part Number"; Value = "CC0402JRNPO9BN180"; VariantName = "[No Variations]"
Change component parameters (AddParameter): Name = "Pin Count"; Value = "2"; VariantName = "[No Variations]"
Change component parameters (AddParameter): Name = "Published"; Value = "9/8/2017"; VariantName = "[No Variations]"
Change component parameters (AddParameter): Name = "Publisher"; Value = "Randy Parmerlee"; VariantName = "[No Variations]"
Change component parameters (AddParameter): Name = "Status"; Value = "Active"; VariantName = "[No Variations]"
Change component parameters (AddParameter): Name = "Tolerance"; Value = "0.05"; VariantName = "[No Variations]"
Change component parameters (AddParameter): Name = "Value"; Value = "18pF"; VariantName = "[No Variations]"
Change component parameters (AddParameter): Name = "Voltage"; Value = "50V"; VariantName = "[No Variations]"
Change component parameters (AddParameter): Name = "Wattage"; Value = "N/A"; VariantName = "[No Variations]"
Change component parameters: Designator = "CN3" ("CN3"); Footprint = "USB4085-GF-A"; UniqueID = "\SERFNSAL" ("\SERFNSAL")
Change component parameters (AddParameter): Name = "Component Type"; Value = "CONN - SMD"; VariantName = "[No Variations]"
Change component parameters (AddParameter): Name = "Current"; Value = "N/A"; VariantName = "[No Variations]"
Change component parameters (AddParameter): Name = "Distributor 1"; Value = "Digi-Key"; VariantName = "[No Variations]"
Change component parameters (AddParameter): Name = "Distributor 1 Part Number"; Value = "WM11263CT-ND"; VariantName = "[No Variations]"
Change component parameters (AddParameter): Name = "DNP"; Value = ""; VariantName = "[No Variations]"
Change component parameters (AddParameter): Name = "ESD"; Value = "NO"; VariantName = "[No Variations]"
Change component parameters (AddParameter): Name = "Manufacturer"; Value = "Molex"; VariantName = "[No Variations]"
Change component parameters (AddParameter): Name = "Manufacturer Part Number"; Value = "1051640001"; VariantName = "[No Variations]"
Change component parameters (AddParameter): Name = "Moisture Sensitivity"; Value = "NO"; VariantName = "[No Variations]"
Change component parameters (AddParameter): Name = "Package Type"; Value = "SMD - PTH"; VariantName = "[No Variations]"
Change component parameters (AddParameter): Name = "Part Number"; Value = "1051640001"; VariantName = "[No Variations]"
Change component parameters (AddParameter): Name = "Pin Count"; Value = "6"; VariantName = "[No Variations]"
Change component parameters (AddParameter): Name = "Published"; Value = "5/20/2019"; VariantName = "[No Variations]"
Change component parameters (AddParameter): Name = "Publisher"; Value = "Ethan Harmon"; VariantName = "[No Variations]"
Change component parameters (AddParameter): Name = "Status"; Value = "Active"; VariantName = "[No Variations]"
Change component parameters (AddParameter): Name = "Value"; Value = "1051640001"; VariantName = "[No Variations]"
Change component parameters (AddParameter): Name = "Voltage"; Value = "N/A"; VariantName = "[No Variations]"
Added Pin To Net: NetName=5V_USB Pin=CN3-1
Added Pin To Net: NetName=NetCN3_8 Pin=CN3-2
Added Pin To Net: NetName=NetCN3_7 Pin=CN3-3
Added Pin To Net: NetName=GND Pin=CN3-5
Added Pin To Net: NetName=GND Pin=CN3-M1
Added Pin To Net: NetName=GND Pin=CN3-M1
Added Pin To Net: NetName=GND Pin=CN3-M1
Added Pin To Net: NetName=GND Pin=CN3-M1
Added Pin To Net: NetName=GND Pin=CN3-M1
Added Pin To Net: NetName=GND Pin=CN3-M1
Change Net Name : Old Net Name=NetCN3_7 New Net Name=NetCN3_3
Change Net Name : Old Net Name=NetCN3_8 New Net Name=NetCN3_2
Added Pin To Net: NetName=IF_USB_DM Pin=R8-2
Added Pin To Net: NetName=IF_USB_DM Pin=U2-32
Added Net: Name=IF_USB_DM
Added Pin To Net: NetName=IF_USB_DP Pin=R9-2
Added Pin To Net: NetName=IF_USB_DP Pin=U2-33
Added Net: Name=IF_USB_DP
