Removed Pin From Net: NetName=5V_USB Pin=CN3-1
Removed Pin From Net: NetName=NetCN3_2 Pin=CN3-2
Removed Pin From Net: NetName=NetCN3_3 Pin=CN3-3
Removed Pin From Net: NetName=GND Pin=CN3-5
Removed Pin From Net: NetName=GND Pin=CN3-M1
Removed Pin From Net: NetName=GND Pin=CN3-M1
Removed Pin From Net: NetName=GND Pin=CN3-M1
Removed Pin From Net: NetName=GND Pin=CN3-M1
Removed Pin From Net: NetName=GND Pin=CN3-M1
Removed Pin From Net: NetName=GND Pin=CN3-M1
Removed Pin From Net: NetName=IF_USB_DM Pin=R11-2
Removed Pin From Net: NetName=IF_USB_DP Pin=R12-2
Change Component Footprint: Designator=CN3 Old Footprint=1051640001 New Footprint=USB4085-GF-A
Change Component Comment : Designator=CN3 Old Comment=1051640001 New Comment=USB4085-GF-A
Change component parameters: Designator = "CN3" ("CN3"); Footprint = "1051640001"; UniqueID = "\NTNNPVKP" ("\NTNNPVKP")
Change component parameters (AddParameter): Name = "Component Type"; Value = "CONN - PTH"; VariantName = "[No Variations]"
Change component parameters (AddParameter): Name = "Current"; Value = "N/A"; VariantName = "[No Variations]"
Change component parameters (AddParameter): Name = "Distributor 1"; Value = "Digi-Key"; VariantName = "[No Variations]"
Change component parameters (AddParameter): Name = "Distributor 1 Part Number"; Value = "2073-USB4085-GF-ACT-ND"; VariantName = "[No Variations]"
Change component parameters (AddParameter): Name = "DNP"; Value = ""; VariantName = "[No Variations]"
Change component parameters (AddParameter): Name = "ESD"; Value = "NO"; VariantName = "[No Variations]"
Change component parameters (AddParameter): Name = "Manufacturer"; Value = "GCT"; VariantName = "[No Variations]"
Change component parameters (AddParameter): Name = "Manufacturer Part Number"; Value = "USB4085-GF-A"; VariantName = "[No Variations]"
Change component parameters (AddParameter): Name = "Moisture Sensitivity"; Value = "NO"; VariantName = "[No Variations]"
Change component parameters (AddParameter): Name = "Package Type"; Value = "PTH"; VariantName = "[No Variations]"
Change component parameters (AddParameter): Name = "Part Number"; Value = "USB4085-GF-A"; VariantName = "[No Variations]"
Change component parameters (AddParameter): Name = "Pin Count"; Value = "20"; VariantName = "[No Variations]"
Change component parameters (AddParameter): Name = "Published"; Value = "12/8/2020"; VariantName = "[No Variations]"
Change component parameters (AddParameter): Name = "Publisher"; Value = "Stephen Murphy"; VariantName = "[No Variations]"
Change component parameters (AddParameter): Name = "Status"; Value = "Active"; VariantName = "[No Variations]"
Change component parameters (AddParameter): Name = "Value"; Value = "USB4085-GF-A"; VariantName = "[No Variations]"
Change component parameters (AddParameter): Name = "Voltage"; Value = "N/A"; VariantName = "[No Variations]"
Added Pin To Net: NetName=GND Pin=CN3-1
Added Pin To Net: NetName=GND Pin=CN3-2
Added Pin To Net: NetName=5V_USB Pin=CN3-3
Added Pin To Net: NetName=5V_USB Pin=CN3-4
Added Pin To Net: NetName=NetCN3_3 Pin=CN3-7
Added Pin To Net: NetName=NetCN3_2 Pin=CN3-8
Added Pin To Net: NetName=NetCN3_2 Pin=CN3-9
Added Pin To Net: NetName=NetCN3_3 Pin=CN3-10
Added Pin To Net: NetName=5V_USB Pin=CN3-13
Added Pin To Net: NetName=5V_USB Pin=CN3-14
Added Pin To Net: NetName=GND Pin=CN3-15
Added Pin To Net: NetName=GND Pin=CN3-16
Added Pin To Net: NetName=GND Pin=CN3-17
Added Pin To Net: NetName=GND Pin=CN3-18
Added Pin To Net: NetName=GND Pin=CN3-19
Added Pin To Net: NetName=GND Pin=CN3-20
Added Pin To Net: NetName=IF_USB_DP Pin=R11-2
Added Pin To Net: NetName=IF_USB_DM Pin=R12-2
Change Net Name : Old Net Name=NetCN3_2 New Net Name=NetCN3_8
Change Net Name : Old Net Name=NetCN3_3 New Net Name=NetCN3_7
