Removed Pin From Net: NetName=LED_DAP_BLUE Pin=D1-2
Removed Pin From Net: NetName=LED_COM_GREEN Pin=D2-2
Removed Pin From Net: NetName=GND Pin=D3-2
Removed Pin From Net: NetName=+3V3 Pin=R3-1
Removed Pin From Net: NetName=+3V3 Pin=R6-1
Removed Member From Class: ClassName=[02] Schematic Member=D1
Removed Member From Class: ClassName=[02] Schematic Member=D2
Removed Member From Class: ClassName=[02] Schematic Member=D3
Removed Member From Class: ClassName=[02] Schematic Member=R3
Removed Member From Class: ClassName=[02] Schematic Member=R6
Added Component: Designator=D?(LTST-C191KGKT)
Add component (AddParameter): Name = "Component Type"; Value = "LED - SMD"; VariantName = "[No Variations]"
Add component (AddParameter): Name = "Distributor 1"; Value = "Digi-Key"; VariantName = "[No Variations]"
Add component (AddParameter): Name = "Distributor 1 Part Number"; Value = "160-1446-1-ND"; VariantName = "[No Variations]"
Add component (AddParameter): Name = "DNP"; Value = ""; VariantName = "[No Variations]"
Add component (AddParameter): Name = "ESD"; Value = "YES"; VariantName = "[No Variations]"
Add component (AddParameter): Name = "Manufacturer"; Value = "Lite-On Inc"; VariantName = "[No Variations]"
Add component (AddParameter): Name = "Manufacturer Part Number"; Value = "LTST-C191KGKT"; VariantName = "[No Variations]"
Add component (AddParameter): Name = "Moisture Sensitivity"; Value = "YES"; VariantName = "[No Variations]"
Add component (AddParameter): Name = "Package"; Value = "LED0603"; VariantName = "[No Variations]"
Add component (AddParameter): Name = "Package Type"; Value = "SMD"; VariantName = "[No Variations]"
Add component (AddParameter): Name = "Part Number"; Value = "LTST-C191KGKT"; VariantName = "[No Variations]"
Add component (AddParameter): Name = "Pin Count"; Value = "2"; VariantName = "[No Variations]"
Add component (AddParameter): Name = "Published"; Value = "8/25/2015"; VariantName = "[No Variations]"
Add component (AddParameter): Name = "Publisher"; Value = "Randy Parmerlee"; VariantName = "[No Variations]"
Add component (AddParameter): Name = "Status"; Value = "Active"; VariantName = "[No Variations]"
Add component (AddParameter): Name = "Tolerance"; Value = "N/A"; VariantName = "[No Variations]"
Add component (AddParameter): Name = "Value"; Value = "LTST-C191KGKT"; VariantName = "[No Variations]"
Add component (AddParameter): Name = "Voltage"; Value = "N/A"; VariantName = "[No Variations]"
Add component (AddParameter): Name = "Wattage"; Value = "N/A"; VariantName = "[No Variations]"
Added Pin To Net: NetName=GND Pin=D?-2
Change Net Name : Old Net Name=LED_PWR_RED New Net Name=LED_PWR_GREEN
Added Pin To Net: NetName=NetD?_1 Pin=D?-1
Added Pin To Net: NetName=NetD?_1 Pin=R7-2
Added Net: Name=NetD?_1
Added Member To Class: ClassName=[02] Schematic Member=Component D? LTST-C191KGKT
Added Room: Name=[02] Schematic
