Added Component: Designator=R13(RESC0402(1005)_L)
Add component (AddParameter): Name = "Component Type"; Value = "RES - CHIP"; VariantName = "[No Variations]"
Add component (AddParameter): Name = "Distributor 1"; Value = "Digi-Key"; VariantName = "[No Variations]"
Add component (AddParameter): Name = "Distributor 1 Part Number"; Value = "P1.50KLCT-ND"; VariantName = "[No Variations]"
Add component (AddParameter): Name = "DNP"; Value = ""; VariantName = "[No Variations]"
Add component (AddParameter): Name = "ESD"; Value = "NO"; VariantName = "[No Variations]"
Add component (AddParameter): Name = "Manufacturer"; Value = "Panasonic Electronic Components"; VariantName = "[No Variations]"
Add component (AddParameter): Name = "Manufacturer Part Number"; Value = "ERJ-2RKF1501X"; VariantName = "[No Variations]"
Add component (AddParameter): Name = "Moisture Sensitivity"; Value = "NO"; VariantName = "[No Variations]"
Add component (AddParameter): Name = "Package"; Value = "RES0402"; VariantName = "[No Variations]"
Add component (AddParameter): Name = "Package Type"; Value = "SMD"; VariantName = "[No Variations]"
Add component (AddParameter): Name = "Part Number"; Value = "ERJ-2RKF1501X"; VariantName = "[No Variations]"
Add component (AddParameter): Name = "Pin Count"; Value = "2"; VariantName = "[No Variations]"
Add component (AddParameter): Name = "Published"; Value = "12/9/2015"; VariantName = "[No Variations]"
Add component (AddParameter): Name = "Publisher"; Value = "Drew Westrick"; VariantName = "[No Variations]"
Add component (AddParameter): Name = "Status"; Value = "Not For Use"; VariantName = "[No Variations]"
Add component (AddParameter): Name = "Tolerance"; Value = "0.01"; VariantName = "[No Variations]"
Add component (AddParameter): Name = "Value"; Value = "1.5k"; VariantName = "[No Variations]"
Add component (AddParameter): Name = "Voltage"; Value = "N/A"; VariantName = "[No Variations]"
Add component (AddParameter): Name = "Wattage"; Value = "0.1W"; VariantName = "[No Variations]"
Added Pin To Net: NetName=IF_USB_DP Pin=R13-1
Added Pin To Net: NetName=+3V3 Pin=R13-2
Added Class: Name=[02] Schematic
Added Room: Name=[02] Schematic
